<?xml version="1.0" encoding="UTF-8" ?>
<testsuite failures="0" time="0.932" errors="0" skipped="0" tests="4" name="com.luotf.mapper.tset.BlogTest">
  <properties>
[...]
</properties>
  <testcase time="0.515" classname="com.luotf.mapper.tset.BlogTest" name="selectByExample"/>
  <testcase time="0.416" classname="com.luotf.mapper.tset.BlogTest" name="subString"/>
  <testcase time="0" classname="com.luotf.mapper.tset.BlogTest" name="BlogIdToSafe"/>
  <testcase time="0.001" classname="com.luotf.mapper.tset.BlogTest" name="deleteBlog"/>
</testsuite>